2020-12-09T07:21:38.367Z POST /api/login
2020-12-09T07:21:38.371Z POST /api/login
2020-12-09T07:21:38.375Z POST /api/login
2020-12-09T07:21:38.375Z POST /api/login
2020-12-09T07:21:38.376Z POST /api/register
2020-12-09T07:21:38.378Z POST /api/register
2020-12-09T07:21:38.443Z POST /api/logout
2020-12-09T07:21:38.446Z GET /api/users
2020-12-09T07:21:38.515Z POST /api/logout
2020-12-09T07:21:42.541Z POST /api/login
2020-12-09T07:21:42.682Z GET /api/users
2020-12-09T07:21:42.683Z GET /api/users
2020-12-09T07:34:37.473Z POST /api/login
2020-12-09T07:34:37.612Z GET /api/users
2020-12-09T07:34:37.614Z GET /api/user/1/vegetables
2020-12-09T07:34:37.615Z GET /api/user/1/services
2020-12-09T07:34:37.616Z POST /api/logout
2020-12-09T07:35:00.102Z POST /api/login
2020-12-09T07:35:00.234Z GET /api/users
2020-12-09T07:35:00.235Z GET /api/user/1/vegetables
2020-12-09T07:35:00.236Z GET /api/user/1/services
2020-12-09T07:35:00.237Z POST /api/logout
2020-12-09T07:36:07.248Z POST /api/login
2020-12-09T07:36:07.374Z GET /api/users
2020-12-09T07:36:07.375Z GET /api/user/1/vegetables
2020-12-09T07:36:07.376Z GET /api/user/1/services
2020-12-09T07:36:07.377Z POST /api/logout
2020-12-09T07:36:55.350Z POST /api/login
2020-12-09T07:36:55.471Z GET /api/users
2020-12-09T07:36:55.472Z GET /api/user/1/vegetables
2020-12-09T07:36:55.473Z GET /api/user/1/services
2020-12-09T07:36:55.474Z POST /api/logout
2020-12-09T07:37:22.902Z POST /api/login
2020-12-09T07:37:23.027Z GET /api/users
2020-12-09T07:37:23.028Z GET /api/user/1/vegetables
2020-12-09T07:37:23.030Z GET /api/user/1/services
2020-12-09T07:37:23.031Z POST /api/logout
2020-12-09T07:37:48.384Z POST /api/login
2020-12-09T07:37:48.507Z GET /api/users
2020-12-09T07:37:48.508Z GET /api/user/1/vegetables
2020-12-09T07:37:52.919Z GET /api/user/1/services
2020-12-09T07:37:52.922Z POST /api/logout
2020-12-09T07:38:29.901Z POST /api/login
2020-12-09T07:39:09.823Z POST /api/login
2020-12-09T07:39:37.623Z POST /api/login
2020-12-09T07:39:37.759Z GET /api/users
2020-12-09T07:39:37.760Z GET /api/user/1/vegetables
2020-12-09T07:39:37.761Z GET /api/user/1/services
2020-12-09T07:39:37.762Z POST /api/logout
2020-12-09T07:40:22.251Z POST /api/login
2020-12-09T07:40:22.386Z GET /api/users
2020-12-09T07:40:22.387Z GET /api/user/1/vegetables
2020-12-09T07:40:22.388Z GET /api/user/1/services
2020-12-09T07:40:22.388Z POST /api/logout
2020-12-09T07:40:43.282Z POST /api/login
2020-12-09T07:40:43.397Z GET /api/users
2020-12-09T07:40:43.399Z GET /api/user/1/vegetables
2020-12-09T07:40:43.399Z GET /api/user/1/services
2020-12-09T07:40:43.400Z POST /api/logout
2020-12-09T07:41:03.215Z POST /api/login
2020-12-09T07:41:03.355Z GET /api/users
2020-12-09T07:41:03.356Z GET /api/user/1/vegetables
2020-12-09T07:41:03.357Z GET /api/user/1/services
2020-12-09T07:41:03.357Z POST /api/logout
2020-12-09T07:49:21.715Z POST /api/login
2020-12-09T07:49:21.850Z GET /api/vegetables
2020-12-09T07:49:21.852Z POST /api/vegetable
2020-12-09T07:49:21.853Z GET /api/vegetable/2
2020-12-09T07:49:21.855Z GET /api/vegetable/-1
2020-12-09T07:49:21.859Z POST /api/logout
2020-12-09T07:49:31.549Z POST /api/login
2020-12-09T07:49:31.667Z GET /api/vegetables
2020-12-09T07:49:31.668Z POST /api/vegetable
2020-12-09T07:49:31.669Z GET /api/vegetable/2
2020-12-09T07:49:31.670Z GET /api/vegetable/-1
2020-12-09T07:49:31.670Z POST /api/logout
2020-12-09T07:51:23.601Z POST /api/login
2020-12-09T07:51:23.724Z GET /api/vegetables
2020-12-09T07:51:23.725Z POST /api/vegetable
2020-12-09T07:51:23.726Z GET /api/vegetable/2
2020-12-09T07:51:23.726Z GET /api/vegetable/-1
2020-12-09T07:51:23.727Z POST /api/logout
2020-12-09T07:52:19.355Z POST /api/login
2020-12-09T07:52:19.492Z GET /api/vegetables
2020-12-09T07:52:19.494Z POST /api/vegetable
2020-12-09T07:52:19.495Z GET /api/vegetable/2
2020-12-09T07:52:19.495Z GET /api/vegetable/-1
2020-12-09T07:52:19.496Z POST /api/logout
2020-12-09T08:00:34.440Z POST /api/login
2020-12-09T08:00:34.582Z GET /api/vegetables
2020-12-09T08:00:34.585Z POST /api/vegetable
2020-12-09T08:00:34.587Z GET /api/vegetable/2
2020-12-09T08:00:34.588Z GET /api/vegetable/-1
2020-12-09T08:00:34.589Z PUT /api/vegetable/2
2020-12-09T08:00:34.590Z PUT /api/vegetable/2
2020-12-09T08:00:34.590Z PUT /api/vegetable/-1
2020-12-09T08:00:34.591Z DELETE /api/vegetable/2
2020-12-09T08:00:34.592Z DELETE /api/vegetable/-1
2020-12-09T08:00:34.593Z POST /api/logout
2020-12-09T08:01:14.325Z POST /api/login
2020-12-09T08:01:14.475Z GET /api/vegetables
2020-12-09T08:01:14.476Z POST /api/vegetable
2020-12-09T08:01:14.477Z GET /api/vegetable/2
2020-12-09T08:01:14.477Z GET /api/vegetable/-1
2020-12-09T08:01:14.478Z PUT /api/vegetable/2
2020-12-09T08:01:14.479Z PUT /api/vegetable/2
2020-12-09T08:01:14.479Z PUT /api/vegetable/-1
2020-12-09T08:01:14.480Z DELETE /api/vegetable/2
2020-12-09T08:01:14.481Z DELETE /api/vegetable/-1
2020-12-09T08:01:14.481Z POST /api/logout
2020-12-09T08:01:40.310Z POST /api/login
2020-12-09T08:01:40.439Z GET /api/vegetables
2020-12-09T08:01:40.440Z POST /api/vegetable
2020-12-09T08:01:40.441Z GET /api/vegetable/2
2020-12-09T08:01:40.442Z GET /api/vegetable/-1
2020-12-09T08:01:40.442Z PUT /api/vegetable/2
2020-12-09T08:01:40.443Z PUT /api/vegetable/2
2020-12-09T08:01:40.444Z PUT /api/vegetable/-1
2020-12-09T08:01:40.444Z DELETE /api/vegetable/2
2020-12-09T08:01:40.445Z DELETE /api/vegetable/-1
2020-12-09T08:01:40.445Z POST /api/logout
2020-12-09T08:04:56.100Z POST /api/login
2020-12-09T08:04:56.247Z GET /api/services
2020-12-09T08:04:56.249Z POST /api/service
2020-12-09T08:04:56.251Z GET /api/service/2
2020-12-09T08:04:56.252Z GET /api/service/-1
2020-12-09T08:04:56.253Z PUT /api/service/2
2020-12-09T08:04:56.254Z PUT /api/service/2
2020-12-09T08:04:56.255Z PUT /api/service/-1
2020-12-09T08:04:56.255Z DELETE /api/service/2
2020-12-09T08:04:56.256Z DELETE /api/service/-1
2020-12-09T08:04:56.257Z POST /api/logout
2020-12-09T08:05:06.171Z POST /api/login
2020-12-09T08:05:06.305Z GET /api/services
2020-12-09T08:05:06.306Z POST /api/service
2020-12-09T08:05:06.307Z GET /api/service/2
2020-12-09T08:05:06.308Z GET /api/service/-1
2020-12-09T08:05:06.310Z PUT /api/service/2
2020-12-09T08:05:06.311Z PUT /api/service/2
2020-12-09T08:05:06.312Z PUT /api/service/-1
2020-12-09T08:05:06.312Z DELETE /api/service/2
2020-12-09T08:05:06.313Z DELETE /api/service/-1
2020-12-09T08:05:06.314Z POST /api/logout
2020-12-09T08:05:52.058Z POST /api/login
2020-12-09T08:05:52.194Z GET /api/services
2020-12-09T08:05:52.195Z POST /api/service
2020-12-09T08:05:52.197Z GET /api/service/2
2020-12-09T08:05:52.197Z GET /api/service/-1
2020-12-09T08:05:52.198Z PUT /api/service/2
2020-12-09T08:05:52.199Z PUT /api/service/2
2020-12-09T08:05:52.199Z PUT /api/service/-1
2020-12-09T08:05:52.200Z DELETE /api/service/2
2020-12-09T08:05:52.200Z DELETE /api/service/-1
2020-12-09T08:05:52.201Z POST /api/logout
2020-12-09T08:11:04.456Z POST /api/login
2020-12-09T08:11:04.460Z POST /api/login
2020-12-09T08:11:04.463Z POST /api/login
2020-12-09T08:11:04.464Z POST /api/login
2020-12-09T08:11:04.465Z POST /api/register
2020-12-09T08:11:04.469Z POST /api/register
2020-12-09T08:11:04.529Z POST /api/logout
2020-12-09T08:11:04.531Z GET /api/users
2020-12-09T08:11:04.532Z GET /api/users
2020-12-09T08:11:04.533Z POST /api/login
2020-12-09T08:11:04.534Z POST /api/login
2020-12-09T08:11:04.534Z POST /api/login
2020-12-09T08:11:04.598Z POST /api/logout
2020-12-09T08:11:04.963Z GET /api/users
2020-12-09T08:11:04.963Z GET /api/user/1/vegetables
2020-12-09T08:11:04.965Z GET /api/user/1/services
2020-12-09T08:11:04.965Z POST /api/logout
2020-12-09T08:11:05.106Z GET /api/vegetables
2020-12-09T08:11:05.107Z POST /api/vegetable
2020-12-09T08:11:05.109Z GET /api/vegetable/2
2020-12-09T08:11:05.110Z GET /api/vegetable/-1
2020-12-09T08:11:05.110Z PUT /api/vegetable/2
2020-12-09T08:11:05.111Z PUT /api/vegetable/2
2020-12-09T08:11:05.112Z PUT /api/vegetable/-1
2020-12-09T08:11:05.112Z DELETE /api/vegetable/2
2020-12-09T08:11:05.113Z DELETE /api/vegetable/-1
2020-12-09T08:11:05.114Z POST /api/logout
2020-12-09T08:11:05.229Z GET /api/services
2020-12-09T08:11:05.230Z POST /api/service
2020-12-09T08:11:05.232Z GET /api/service/2
2020-12-09T08:11:05.232Z GET /api/service/-1
2020-12-09T08:11:05.233Z PUT /api/service/2
2020-12-09T08:11:05.234Z PUT /api/service/2
2020-12-09T08:11:05.235Z PUT /api/service/-1
2020-12-09T08:11:05.235Z DELETE /api/service/2
2020-12-09T08:11:05.236Z DELETE /api/service/-1
2020-12-09T08:11:05.237Z POST /api/logout
2020-12-09T08:11:14.686Z POST /api/login
2020-12-09T08:11:14.687Z POST /api/login
2020-12-09T08:11:14.688Z POST /api/login
2020-12-09T08:11:14.689Z POST /api/login
2020-12-09T08:11:14.689Z POST /api/register
2020-12-09T08:11:14.690Z POST /api/register
2020-12-09T08:11:14.750Z POST /api/logout
2020-12-09T08:11:14.751Z GET /api/users
2020-12-09T08:11:14.753Z GET /api/users
2020-12-09T08:11:14.754Z POST /api/login
2020-12-09T08:11:14.754Z POST /api/login
2020-12-09T08:11:14.755Z POST /api/login
2020-12-09T08:11:14.818Z POST /api/logout
2020-12-09T08:11:15.187Z GET /api/users
2020-12-09T08:11:15.189Z GET /api/user/1/vegetables
2020-12-09T08:11:15.189Z GET /api/user/1/services
2020-12-09T08:11:15.190Z POST /api/logout
2020-12-09T08:11:15.317Z GET /api/vegetables
2020-12-09T08:11:15.318Z POST /api/vegetable
2020-12-09T08:11:15.319Z GET /api/vegetable/2
2020-12-09T08:11:15.319Z GET /api/vegetable/-1
2020-12-09T08:11:15.320Z PUT /api/vegetable/2
2020-12-09T08:11:15.321Z PUT /api/vegetable/2
2020-12-09T08:11:15.321Z PUT /api/vegetable/-1
2020-12-09T08:11:15.322Z DELETE /api/vegetable/2
2020-12-09T08:11:15.322Z DELETE /api/vegetable/-1
2020-12-09T08:11:15.323Z POST /api/logout
2020-12-09T08:11:15.437Z GET /api/services
2020-12-09T08:11:15.437Z POST /api/service
2020-12-09T08:11:15.438Z GET /api/service/2
2020-12-09T08:11:15.439Z GET /api/service/-1
2020-12-09T08:11:15.439Z PUT /api/service/2
2020-12-09T08:11:15.440Z PUT /api/service/2
2020-12-09T08:11:15.441Z PUT /api/service/-1
2020-12-09T08:11:15.441Z DELETE /api/service/2
2020-12-09T08:11:15.443Z DELETE /api/service/-1
2020-12-09T08:11:15.444Z POST /api/logout
2020-12-09T08:11:43.253Z POST /api/login
2020-12-09T08:11:43.254Z POST /api/login
2020-12-09T08:11:43.255Z POST /api/login
2020-12-09T08:11:43.256Z POST /api/login
2020-12-09T08:11:43.257Z POST /api/register
2020-12-09T08:11:43.258Z POST /api/register
2020-12-09T08:11:43.317Z POST /api/logout
2020-12-09T08:11:43.318Z GET /api/users
2020-12-09T08:11:43.319Z GET /api/users
2020-12-09T08:11:43.319Z POST /api/login
2020-12-09T08:11:43.320Z POST /api/login
2020-12-09T08:11:43.321Z POST /api/login
2020-12-09T08:11:43.383Z POST /api/logout
2020-12-09T08:11:43.756Z GET /api/users
2020-12-09T08:11:43.757Z GET /api/user/1/vegetables
2020-12-09T08:11:43.758Z GET /api/user/1/services
2020-12-09T08:11:43.758Z POST /api/logout
2020-12-09T08:11:43.887Z GET /api/vegetables
2020-12-09T08:11:43.888Z POST /api/vegetable
2020-12-09T08:11:43.889Z GET /api/vegetable/2
2020-12-09T08:11:43.889Z GET /api/vegetable/-1
2020-12-09T08:11:43.890Z PUT /api/vegetable/2
2020-12-09T08:11:43.891Z PUT /api/vegetable/2
2020-12-09T08:11:43.892Z PUT /api/vegetable/-1
2020-12-09T08:11:43.893Z DELETE /api/vegetable/2
2020-12-09T08:11:43.893Z DELETE /api/vegetable/-1
2020-12-09T08:11:43.894Z POST /api/logout
2020-12-09T08:11:43.993Z GET /api/services
2020-12-09T08:11:43.994Z POST /api/service
2020-12-09T08:11:43.995Z GET /api/service/2
2020-12-09T08:11:43.996Z GET /api/service/-1
2020-12-09T08:11:43.996Z PUT /api/service/2
2020-12-09T08:11:43.997Z PUT /api/service/2
2020-12-09T08:11:43.997Z PUT /api/service/-1
2020-12-09T08:11:43.998Z DELETE /api/service/2
2020-12-09T08:11:43.998Z DELETE /api/service/-1
2020-12-09T08:11:44.001Z POST /api/logout
2020-12-09T08:11:53.483Z POST /api/login
2020-12-09T08:11:53.484Z POST /api/login
2020-12-09T08:11:53.485Z POST /api/login
2020-12-09T08:11:53.486Z POST /api/login
2020-12-09T08:11:53.486Z POST /api/register
2020-12-09T08:11:53.489Z POST /api/register
2020-12-09T08:11:53.544Z POST /api/logout
2020-12-09T08:11:53.545Z GET /api/users
2020-12-09T08:11:53.546Z GET /api/users
2020-12-09T08:11:53.547Z POST /api/login
2020-12-09T08:11:53.548Z POST /api/login
2020-12-09T08:11:53.549Z POST /api/login
2020-12-09T08:11:53.609Z POST /api/logout
2020-12-09T08:11:53.978Z GET /api/users
2020-12-09T08:11:53.978Z GET /api/user/1/vegetables
2020-12-09T08:11:53.979Z GET /api/user/1/services
2020-12-09T08:11:53.980Z POST /api/logout
2020-12-09T08:11:54.113Z GET /api/vegetables
2020-12-09T08:11:54.114Z POST /api/vegetable
2020-12-09T08:11:54.116Z GET /api/vegetable/2
2020-12-09T08:11:54.117Z GET /api/vegetable/-1
2020-12-09T08:11:54.117Z PUT /api/vegetable/2
2020-12-09T08:11:54.118Z PUT /api/vegetable/2
2020-12-09T08:11:54.119Z PUT /api/vegetable/-1
2020-12-09T08:11:54.119Z DELETE /api/vegetable/2
2020-12-09T08:11:54.120Z DELETE /api/vegetable/-1
2020-12-09T08:11:54.120Z POST /api/logout
2020-12-09T08:11:54.251Z GET /api/services
2020-12-09T08:11:54.252Z POST /api/service
2020-12-09T08:11:54.253Z GET /api/service/2
2020-12-09T08:11:54.254Z GET /api/service/-1
2020-12-09T08:11:54.254Z PUT /api/service/2
2020-12-09T08:11:54.255Z PUT /api/service/2
2020-12-09T08:11:54.256Z PUT /api/service/-1
2020-12-09T08:11:54.256Z DELETE /api/service/2
2020-12-09T08:11:54.257Z DELETE /api/service/-1
2020-12-09T08:11:54.257Z POST /api/logout
2020-12-09T09:57:18.307Z POST /api/login
2020-12-09T09:57:18.312Z POST /api/login
2020-12-09T09:57:18.315Z POST /api/login
2020-12-09T09:57:18.316Z POST /api/login
2020-12-09T09:57:18.316Z POST /api/register
2020-12-09T09:57:18.317Z POST /api/register
2020-12-09T09:57:18.388Z POST /api/logout
2020-12-09T09:57:18.390Z GET /api/users
2020-12-09T09:57:18.392Z GET /api/users
2020-12-09T09:57:18.392Z POST /api/login
2020-12-09T09:57:18.393Z POST /api/login
2020-12-09T09:57:18.393Z POST /api/login
2020-12-09T09:57:18.477Z POST /api/logout
2020-12-09T09:57:18.783Z GET /api/users
2020-12-09T09:57:18.784Z GET /api/user/1/vegetables
2020-12-09T09:57:18.785Z GET /api/user/1/services
2020-12-09T09:57:18.786Z POST /api/logout
2020-12-09T09:57:18.894Z GET /api/vegetables
2020-12-09T09:57:18.896Z POST /api/vegetable
2020-12-09T09:57:18.897Z GET /api/vegetable/2
2020-12-09T09:57:18.898Z GET /api/vegetable/-1
2020-12-09T09:57:18.899Z PUT /api/vegetable/2
2020-12-09T09:57:18.900Z PUT /api/vegetable/2
2020-12-09T09:57:18.901Z PUT /api/vegetable/-1
2020-12-09T09:57:18.902Z DELETE /api/vegetable/2
2020-12-09T09:57:18.902Z DELETE /api/vegetable/-1
2020-12-09T09:57:18.903Z POST /api/logout
2020-12-09T09:57:19.000Z GET /api/services
2020-12-09T09:57:19.001Z POST /api/service
2020-12-09T09:57:19.002Z GET /api/service/2
2020-12-09T09:57:19.003Z GET /api/service/-1
2020-12-09T09:57:19.004Z PUT /api/service/2
2020-12-09T09:57:19.005Z PUT /api/service/2
2020-12-09T09:57:19.006Z PUT /api/service/-1
2020-12-09T09:57:19.006Z DELETE /api/service/2
2020-12-09T09:57:19.007Z DELETE /api/service/-1
2020-12-09T09:57:19.008Z POST /api/logout
2020-12-09T09:58:04.834Z GET /
2020-12-09T09:58:04.886Z GET /index
2020-12-09T09:58:04.894Z GET /login
2020-12-09T09:58:04.977Z GET /style/app-style.css
2020-12-09T09:58:05.014Z GET /controller/login.js
2020-12-09T09:58:05.054Z GET /controller/functions.js
2020-12-09T09:58:05.225Z GET /favicon.ico
2020-12-09T09:58:05.232Z GET /login
2020-12-09T09:58:11.915Z POST /auth/login
2020-12-09T09:58:12.063Z GET /index
2020-12-09T09:58:12.140Z GET /style/app-style.css
2020-12-09T09:58:12.142Z GET /controller/functions.js
2020-12-09T09:58:12.168Z GET /controller/index.js
2020-12-09T09:58:13.034Z GET /favicon.ico
2020-12-09T09:58:13.367Z GET /service
2020-12-09T09:58:13.431Z GET /style/app-style.css
2020-12-09T09:58:13.432Z GET /controller/functions.js
2020-12-09T09:58:13.452Z GET /controller/service.js
2020-12-09T09:58:13.491Z GET /img/lamborghini.png
2020-12-09T09:58:13.515Z GET /resource/user/2/services
2020-12-09T09:58:13.538Z GET /resource/services
2020-12-09T09:58:14.750Z GET /vegetable
2020-12-09T09:58:14.820Z GET /style/app-style.css
2020-12-09T09:58:14.825Z GET /controller/functions.js
2020-12-09T09:58:14.850Z GET /controller/vegetable.js
2020-12-09T09:58:14.891Z GET /img/cabbage.png
2020-12-09T09:58:14.901Z GET /resource/user/2/vegetables
2020-12-09T09:58:14.915Z GET /resource/vegetables
2020-12-09T09:58:18.782Z GET /auth/logout
2020-12-09T09:58:18.789Z GET /login
2020-12-09T09:58:18.826Z GET /style/app-style.css
2020-12-09T09:58:18.827Z GET /controller/functions.js
2020-12-09T09:58:18.846Z GET /controller/login.js
2020-12-09T10:01:39.772Z GET /login
2020-12-09T10:01:39.866Z GET /style/app-style.css
2020-12-09T10:01:39.909Z GET /controller/functions.js
2020-12-09T10:01:39.931Z GET /controller/login.js
2020-12-09T10:01:39.966Z GET /favicon.ico
2020-12-09T10:01:40.003Z GET /login
2020-12-09T10:01:57.724Z GET /style/app-style.css
2020-12-09T10:02:06.548Z GET /register
2020-12-09T10:02:06.603Z GET /controller/register.js
2020-12-09T10:02:06.687Z GET /style/app-style.css
2020-12-09T10:02:06.691Z GET /controller/functions.js
2020-12-09T10:02:06.750Z GET /favicon.ico
2020-12-09T10:02:06.760Z GET /login
2020-12-09T10:02:08.089Z GET /favicon.ico
2020-12-09T10:02:08.101Z GET /login
2020-12-09T10:02:15.145Z POST /auth/login
2020-12-09T10:02:15.292Z GET /index
2020-12-09T10:02:15.355Z GET /style/app-style.css
2020-12-09T10:02:15.389Z GET /controller/functions.js
2020-12-09T10:02:15.437Z GET /controller/index.js
2020-12-09T10:02:15.524Z GET /favicon.ico
2020-12-09T10:02:18.269Z GET /vegetable
2020-12-09T10:02:18.324Z GET /style/app-style.css
2020-12-09T10:02:18.329Z GET /controller/functions.js
2020-12-09T10:02:18.369Z GET /controller/vegetable.js
2020-12-09T10:02:18.409Z GET /img/cabbage.png
2020-12-09T10:02:18.465Z GET /resource/user/2/vegetables
2020-12-09T10:02:18.487Z GET /resource/vegetables
2020-12-09T10:03:02.571Z GET /service
2020-12-09T10:03:02.644Z GET /style/app-style.css
2020-12-09T10:03:02.673Z GET /controller/functions.js
2020-12-09T10:03:02.726Z GET /controller/service.js
2020-12-09T10:03:02.759Z GET /img/lamborghini.png
2020-12-09T10:03:02.811Z GET /resource/user/2/services
2020-12-09T10:03:02.836Z GET /resource/services
2020-12-09T10:04:35.964Z POST /api/login
2020-12-09T10:04:35.965Z POST /api/login
2020-12-09T10:04:35.967Z POST /api/login
2020-12-09T10:04:35.967Z POST /api/login
2020-12-09T10:04:35.968Z POST /api/register
2020-12-09T10:04:35.969Z POST /api/register
2020-12-09T10:04:36.038Z POST /api/logout
2020-12-09T10:04:36.040Z GET /api/users
2020-12-09T10:04:36.043Z GET /api/users
2020-12-09T10:04:36.044Z POST /api/login
2020-12-09T10:04:36.045Z POST /api/login
2020-12-09T10:04:36.045Z POST /api/login
2020-12-09T10:04:36.116Z POST /api/logout
2020-12-09T10:04:36.431Z GET /api/users
2020-12-09T10:04:36.431Z GET /api/user/1/vegetables
2020-12-09T10:04:36.432Z GET /api/user/1/services
2020-12-09T10:04:36.434Z POST /api/logout
2020-12-09T10:04:36.541Z GET /api/vegetables
2020-12-09T10:04:36.543Z POST /api/vegetable
2020-12-09T10:04:36.544Z GET /api/vegetable/2
2020-12-09T10:04:36.545Z GET /api/vegetable/-1
2020-12-09T10:04:36.546Z PUT /api/vegetable/2
2020-12-09T10:04:36.547Z PUT /api/vegetable/2
2020-12-09T10:04:36.547Z PUT /api/vegetable/-1
2020-12-09T10:04:36.548Z DELETE /api/vegetable/2
2020-12-09T10:04:36.549Z DELETE /api/vegetable/-1
2020-12-09T10:04:36.549Z POST /api/logout
2020-12-09T10:04:36.645Z GET /api/services
2020-12-09T10:04:36.648Z POST /api/service
2020-12-09T10:04:36.650Z GET /api/service/2
2020-12-09T10:04:36.650Z GET /api/service/-1
2020-12-09T10:04:36.651Z PUT /api/service/2
2020-12-09T10:04:36.652Z PUT /api/service/2
2020-12-09T10:04:36.653Z PUT /api/service/-1
2020-12-09T10:04:36.654Z DELETE /api/service/2
2020-12-09T10:04:36.655Z DELETE /api/service/-1
2020-12-09T10:04:36.655Z POST /api/logout
2020-12-09T10:05:13.252Z GET /auth/logout
2020-12-09T10:05:13.267Z GET /login
2020-12-09T10:05:13.316Z GET /style/app-style.css
2020-12-09T10:05:13.327Z GET /controller/functions.js
2020-12-09T10:05:13.347Z GET /controller/login.js
2020-12-09T17:55:15.930Z GET /
2020-12-09T17:55:16.023Z GET /index
2020-12-09T17:55:16.033Z GET /login
2020-12-09T17:55:16.130Z GET /style/app-style.css
2020-12-09T17:55:16.191Z GET /controller/login.js
2020-12-09T17:55:16.283Z GET /controller/functions.js
2020-12-09T17:55:16.524Z GET /favicon.ico
2020-12-09T17:55:16.544Z GET /login
2020-12-09T17:55:24.301Z POST /auth/login
2020-12-09T17:55:24.462Z GET /index
2020-12-09T17:55:24.541Z GET /style/app-style.css
2020-12-09T17:55:24.543Z GET /controller/functions.js
2020-12-09T17:55:24.601Z GET /controller/index.js
2020-12-09T17:55:25.047Z GET /favicon.ico
2020-12-09T17:55:27.420Z GET /img/lamborghini.png
2020-12-09T17:55:30.212Z GET /vegetable
2020-12-09T17:55:30.293Z GET /style/app-style.css
2020-12-09T17:55:30.295Z GET /controller/functions.js
2020-12-09T17:55:30.363Z GET /controller/vegetable.js
2020-12-09T17:55:30.513Z GET /img/cabbage.png
2020-12-09T17:55:30.548Z GET /resource/user/1/vegetables
2020-12-09T17:55:30.657Z GET /resource/vegetables
2020-12-09T17:55:41.510Z PUT /resource/vegetable/3
2020-12-09T17:55:41.625Z GET /resource/user/1/vegetables
2020-12-09T17:55:41.677Z GET /resource/vegetables
2020-12-09T17:56:01.865Z GET /service
2020-12-09T17:56:01.953Z GET /style/app-style.css
2020-12-09T17:56:01.980Z GET /controller/functions.js
2020-12-09T17:56:02.061Z GET /controller/service.js
2020-12-09T17:56:02.111Z GET /img/lamborghini.png
2020-12-09T17:56:02.137Z GET /resource/user/1/services
2020-12-09T17:56:02.204Z GET /resource/services
2020-12-09T17:56:25.036Z POST /resource/service
2020-12-09T17:56:25.100Z GET /resource/user/1/services
2020-12-09T17:56:25.105Z GET /resource/services
2020-12-09T17:56:31.710Z DELETE /resource/service/8
2020-12-09T17:56:31.816Z GET /resource/user/1/services
2020-12-09T17:56:31.842Z GET /resource/services
2020-12-09T17:56:36.753Z GET /vegetable
2020-12-09T17:56:36.845Z GET /style/app-style.css
2020-12-09T17:56:36.858Z GET /controller/functions.js
2020-12-09T17:56:36.894Z GET /controller/vegetable.js
2020-12-09T17:56:36.943Z GET /img/cabbage.png
2020-12-09T17:56:36.994Z GET /resource/user/1/vegetables
2020-12-09T17:56:37.038Z GET /resource/vegetables
2020-12-09T17:56:38.334Z GET /opg
2020-12-09T17:56:38.477Z GET /style/app-style.css
2020-12-09T17:56:38.494Z GET /controller/functions.js
2020-12-09T17:56:38.557Z GET /controller/opg.js
2020-12-09T17:56:38.612Z GET /resource/users
2020-12-09T17:56:40.935Z GET /profile
2020-12-09T17:56:41.038Z GET /style/app-style.css
2020-12-09T17:56:41.039Z GET /controller/functions.js
2020-12-09T17:56:41.104Z GET /controller/profile.js
2020-12-09T17:56:41.178Z GET /resource/user/1/vegetables
2020-12-09T17:56:41.212Z GET /resource/user/1/services
2020-12-09T17:56:43.809Z GET /service
2020-12-09T17:56:43.877Z GET /style/app-style.css
2020-12-09T17:56:43.880Z GET /controller/functions.js
2020-12-09T17:56:43.935Z GET /controller/service.js
2020-12-09T17:56:43.990Z GET /img/lamborghini.png
2020-12-09T17:56:44.010Z GET /resource/user/1/services
2020-12-09T17:56:44.043Z GET /resource/services
2020-12-09T17:56:45.664Z GET /vegetable
2020-12-09T17:56:45.740Z GET /style/app-style.css
2020-12-09T17:56:45.742Z GET /controller/functions.js
2020-12-09T17:56:45.812Z GET /controller/vegetable.js
2020-12-09T17:56:45.861Z GET /img/cabbage.png
2020-12-09T17:56:45.889Z GET /resource/user/1/vegetables
2020-12-09T17:56:45.917Z GET /resource/vegetables
2020-12-09T17:56:47.275Z GET /profile
2020-12-09T17:56:47.359Z GET /style/app-style.css
2020-12-09T17:56:47.360Z GET /controller/functions.js
2020-12-09T17:56:47.409Z GET /controller/profile.js
2020-12-09T17:56:47.473Z GET /resource/user/1/vegetables
2020-12-09T17:56:47.526Z GET /resource/user/1/services
2020-12-09T17:56:52.530Z GET /
2020-12-09T17:56:52.545Z GET /index
2020-12-09T17:56:52.616Z GET /style/app-style.css
2020-12-09T17:56:52.661Z GET /controller/functions.js
2020-12-09T17:56:52.775Z GET /controller/index.js
2020-12-09T17:56:54.507Z GET /auth/logout
2020-12-09T17:56:54.524Z GET /login
2020-12-09T17:56:54.596Z GET /style/app-style.css
2020-12-09T17:56:54.617Z GET /controller/functions.js
2020-12-09T17:56:54.710Z GET /controller/login.js
2020-12-09T17:56:58.999Z POST /auth/login
2020-12-09T17:56:59.158Z GET /index
2020-12-09T17:56:59.224Z GET /style/app-style.css
2020-12-09T17:56:59.226Z GET /controller/functions.js
2020-12-09T17:56:59.264Z GET /controller/index.js
2020-12-09T17:57:00.401Z GET /service
2020-12-09T17:57:00.510Z GET /style/app-style.css
2020-12-09T17:57:00.512Z GET /controller/functions.js
2020-12-09T17:57:00.620Z GET /controller/service.js
2020-12-09T17:57:00.669Z GET /img/lamborghini.png
2020-12-09T17:57:00.688Z GET /resource/user/2/services
2020-12-09T17:57:00.731Z GET /resource/services
2020-12-09T17:57:02.962Z GET /vegetable
2020-12-09T17:57:03.059Z GET /style/app-style.css
2020-12-09T17:57:03.060Z GET /controller/functions.js
2020-12-09T17:57:03.154Z GET /controller/vegetable.js
2020-12-09T17:57:03.194Z GET /img/cabbage.png
2020-12-09T17:57:03.225Z GET /resource/user/2/vegetables
2020-12-09T17:57:03.267Z GET /resource/vegetables
2020-12-09T17:57:08.951Z PUT /resource/vegetable/7
2020-12-09T17:57:09.062Z GET /resource/user/2/vegetables
2020-12-09T17:57:09.114Z GET /resource/vegetables
2020-12-09T17:57:15.357Z GET /
2020-12-09T17:57:15.369Z GET /index
2020-12-09T17:57:15.443Z GET /style/app-style.css
2020-12-09T17:57:15.444Z GET /controller/functions.js
2020-12-09T17:57:15.522Z GET /controller/index.js
2020-12-09T17:57:51.500Z GET /index
2020-12-09T17:57:51.593Z GET /style/app-style.css
2020-12-09T17:57:51.705Z GET /controller/functions.js
2020-12-09T17:57:51.738Z GET /controller/index.js
2020-12-09T17:57:51.872Z GET /favicon.ico
2020-12-09T17:57:53.494Z GET /vegetable
2020-12-09T17:57:53.582Z GET /style/app-style.css
2020-12-09T17:57:53.585Z GET /controller/functions.js
2020-12-09T17:57:53.621Z GET /controller/vegetable.js
2020-12-09T17:57:53.717Z GET /img/cabbage.png
2020-12-09T17:57:53.750Z GET /resource/user/2/vegetables
2020-12-09T17:57:53.794Z GET /resource/vegetables
2020-12-09T17:58:06.708Z GET /service
2020-12-09T17:58:06.822Z GET /style/app-style.css
2020-12-09T17:58:06.876Z GET /controller/functions.js
2020-12-09T17:58:06.941Z GET /controller/service.js
2020-12-09T17:58:07.005Z GET /img/lamborghini.png
2020-12-09T17:58:07.063Z GET /resource/user/2/services
2020-12-09T17:58:07.134Z GET /resource/services
2020-12-09T17:58:10.343Z GET /
2020-12-09T17:58:10.358Z GET /index
2020-12-09T17:58:10.435Z GET /style/app-style.css
2020-12-09T17:58:10.436Z GET /controller/functions.js
2020-12-09T17:58:10.500Z GET /controller/index.js
2020-12-09T17:58:11.487Z GET /profile
2020-12-09T17:58:11.566Z GET /style/app-style.css
2020-12-09T17:58:11.568Z GET /controller/functions.js
2020-12-09T17:58:11.623Z GET /controller/profile.js
2020-12-09T17:58:11.701Z GET /resource/user/2/vegetables
2020-12-09T17:58:11.748Z GET /resource/user/2/services
2020-12-09T17:58:21.059Z GET /profile
2020-12-09T17:58:21.175Z GET /style/app-style.css
2020-12-09T17:58:21.270Z GET /controller/functions.js
2020-12-09T17:58:21.308Z GET /controller/profile.js
2020-12-09T17:58:21.366Z GET /resource/user/2/vegetables
2020-12-09T17:58:21.419Z GET /resource/user/2/services
2020-12-09T17:58:21.618Z GET /favicon.ico
2020-12-09T17:58:24.376Z GET /auth/logout
2020-12-09T17:58:24.386Z GET /login
2020-12-09T17:58:24.452Z GET /style/app-style.css
2020-12-09T17:58:24.454Z GET /controller/functions.js
2020-12-09T17:58:24.490Z GET /controller/login.js
2021-01-23T16:16:27.769Z GET /
2021-01-23T16:16:27.863Z GET /index
2021-01-23T16:16:27.875Z GET /login
2021-01-23T16:16:28.166Z GET /style/app-style.css
2021-01-23T16:16:28.220Z GET /controller/login.js
2021-01-23T16:16:28.278Z GET /controller/functions.js
2021-01-23T16:16:28.694Z GET /favicon.ico
2021-01-23T16:16:28.706Z GET /login
2021-01-23T16:16:40.855Z POST /auth/login
2021-01-23T16:16:41.007Z GET /index
2021-01-23T16:16:41.103Z GET /controller/index.js
2021-01-23T16:16:41.160Z GET /controller/functions.js
2021-01-23T16:16:41.180Z GET /style/app-style.css
2021-01-23T16:16:41.552Z GET /favicon.ico
2021-01-23T16:16:43.804Z GET /vegetable
2021-01-23T16:16:43.872Z GET /controller/vegetable.js
2021-01-23T16:16:43.927Z GET /style/app-style.css
2021-01-23T16:16:43.928Z GET /controller/functions.js
2021-01-23T16:16:43.966Z GET /img/cabbage.png
2021-01-23T16:17:00.171Z GET /service
2021-01-23T16:17:00.257Z GET /controller/service.js
2021-01-23T16:17:00.320Z GET /style/app-style.css
2021-01-23T16:17:00.330Z GET /controller/functions.js
2021-01-23T16:17:00.358Z GET /img/lamborghini.png
2021-01-23T16:17:02.011Z GET /vegetable
2021-01-23T16:17:02.072Z GET /style/app-style.css
2021-01-23T16:17:02.073Z GET /controller/functions.js
2021-01-23T16:17:02.091Z GET /controller/vegetable.js
2021-01-23T16:17:02.123Z GET /img/cabbage.png
2021-01-23T16:17:11.281Z GET /style/app-style.css
2021-01-23T16:17:14.591Z GET /vegetable
2021-01-23T16:17:14.655Z GET /style/app-style.css
2021-01-23T16:17:14.711Z GET /controller/functions.js
2021-01-23T16:17:14.776Z GET /controller/vegetable.js
2021-01-23T16:17:14.887Z GET /img/cabbage.png
2021-01-23T16:17:15.056Z GET /favicon.ico
2021-01-23T16:26:12.228Z GET /
2021-01-23T16:26:12.276Z GET /index
2021-01-23T16:26:12.285Z GET /login
2021-01-23T16:26:12.345Z GET /style/app-style.css
2021-01-23T16:26:12.401Z GET /controller/login.js
2021-01-23T16:26:12.426Z GET /controller/functions.js
2021-01-23T16:26:22.338Z POST /auth/login
2021-01-23T16:26:22.474Z GET /index
2021-01-23T16:26:22.516Z GET /style/app-style.css
2021-01-23T16:26:22.580Z GET /controller/functions.js
2021-01-23T16:26:22.592Z GET /controller/index.js
2021-01-23T16:26:23.606Z GET /vegetable
2021-01-23T16:26:23.645Z GET /style/app-style.css
2021-01-23T16:26:23.665Z GET /controller/functions.js
2021-01-23T16:26:23.684Z GET /controller/vegetable.js
2021-01-23T16:26:23.713Z GET /img/cabbage.png
2021-01-23T16:26:23.798Z GET /resource/vegetables
2021-01-23T16:26:30.780Z GET /style/app-style.css
2021-01-23T16:26:55.700Z GET /vegetable
2021-01-23T16:26:55.749Z GET /style/app-style.css
2021-01-23T16:26:55.810Z GET /controller/vegetable.js
2021-01-23T16:26:55.823Z GET /controller/functions.js
2021-01-23T16:26:55.923Z GET /img/cabbage.png
2021-01-23T16:26:56.339Z GET /resource/vegetables
2021-01-23T16:26:56.366Z GET /favicon.ico
2021-01-23T16:27:58.428Z GET /vegetable
2021-01-23T16:27:58.472Z GET /login
2021-01-23T16:27:58.533Z GET /style/app-style.css
2021-01-23T16:27:58.601Z GET /controller/functions.js
2021-01-23T16:27:58.651Z GET /controller/login.js
2021-01-23T16:27:58.713Z GET /favicon.ico
2021-01-23T16:27:58.728Z GET /login
2021-01-23T16:28:06.427Z POST /auth/login
2021-01-23T16:28:06.562Z GET /index
2021-01-23T16:28:06.623Z GET /style/app-style.css
2021-01-23T16:28:06.721Z GET /controller/functions.js
2021-01-23T16:28:06.755Z GET /controller/index.js
2021-01-23T16:28:06.851Z GET /favicon.ico
2021-01-23T16:28:07.751Z GET /vegetable
2021-01-23T16:28:07.803Z GET /style/app-style.css
2021-01-23T16:28:07.829Z GET /controller/functions.js
2021-01-23T16:28:07.866Z GET /controller/vegetable.js
2021-01-23T16:28:07.914Z GET /img/cabbage.png
2021-01-23T16:28:08.043Z GET /resource/user/1/vegetables
2021-01-23T16:28:08.064Z GET /resource/vegetables
2021-01-23T16:28:32.500Z GET /vegetable
2021-01-23T16:28:32.567Z GET /style/app-style.css
2021-01-23T16:28:32.630Z GET /controller/functions.js
2021-01-23T16:28:32.651Z GET /controller/vegetable.js
2021-01-23T16:28:32.673Z GET /img/cabbage.png
2021-01-23T16:28:32.783Z GET /resource/user/1/vegetables
2021-01-23T16:28:32.807Z GET /resource/vegetables
2021-01-23T16:28:41.530Z GET /favicon.ico
2021-01-23T16:34:22.916Z GET /vegetable
2021-01-23T16:34:22.957Z GET /login
2021-01-23T16:34:23.021Z GET /style/app-style.css
2021-01-23T16:34:23.080Z GET /controller/functions.js
2021-01-23T16:34:23.101Z GET /controller/login.js
2021-01-23T16:34:23.147Z GET /favicon.ico
2021-01-23T16:34:23.155Z GET /login
2021-01-23T16:34:33.880Z GET /
2021-01-23T16:34:33.891Z GET /index
2021-01-23T16:34:33.899Z GET /login
2021-01-23T16:34:33.958Z GET /style/app-style.css
2021-01-23T16:34:33.992Z GET /controller/functions.js
2021-01-23T16:34:34.014Z GET /controller/login.js
2021-01-23T16:34:34.052Z GET /favicon.ico
2021-01-23T16:34:34.059Z GET /login
2021-01-23T16:34:40.946Z POST /auth/login
2021-01-23T16:34:41.082Z GET /index
2021-01-23T16:34:41.125Z GET /style/app-style.css
2021-01-23T16:34:41.128Z GET /controller/index.js
2021-01-23T16:34:41.168Z GET /controller/functions.js
2021-01-23T16:34:41.240Z GET /favicon.ico
2021-01-23T16:34:42.203Z GET /vegetable
2021-01-23T16:34:42.246Z GET /style/app-style.css
2021-01-23T16:34:42.253Z GET /controller/vegetable.js
2021-01-23T16:34:42.278Z GET /controller/functions.js
2021-01-23T16:34:42.313Z GET /img/cabbage.png
2021-01-23T16:34:42.389Z GET /resource/user/1/vegetables
2021-01-23T16:34:42.403Z GET /resource/vegetables
2021-01-23T16:34:44.446Z GET /service
2021-01-23T16:34:44.491Z GET /controller/service.js
2021-01-23T16:34:44.519Z GET /style/app-style.css
2021-01-23T16:34:44.520Z GET /controller/functions.js
2021-01-23T16:34:44.558Z GET /img/lamborghini.png
2021-01-23T16:34:44.596Z GET /resource/user/1/services
2021-01-23T16:34:44.608Z GET /resource/services
2021-01-23T16:34:46.041Z GET /opg
2021-01-23T16:34:46.118Z GET /controller/opg.js
2021-01-23T16:34:46.138Z GET /style/app-style.css
2021-01-23T16:34:46.140Z GET /controller/functions.js
2021-01-23T16:34:46.198Z GET /resource/users
2021-01-23T16:34:47.385Z GET /service
2021-01-23T16:34:47.432Z GET /style/app-style.css
2021-01-23T16:34:47.434Z GET /controller/functions.js
2021-01-23T16:34:47.445Z GET /controller/service.js
2021-01-23T16:34:47.478Z GET /img/lamborghini.png
2021-01-23T16:34:47.528Z GET /resource/user/1/services
2021-01-23T16:34:47.545Z GET /resource/services
2021-01-23T16:34:49.396Z GET /style/app-style.css
2021-01-23T16:34:51.029Z GET /vegetable
2021-01-23T16:34:51.083Z GET /style/app-style.css
2021-01-23T16:34:51.099Z GET /controller/functions.js
2021-01-23T16:34:51.141Z GET /controller/vegetable.js
2021-01-23T16:34:51.185Z GET /img/cabbage.png
2021-01-23T16:34:51.236Z GET /resource/user/1/vegetables
2021-01-23T16:34:51.256Z GET /resource/vegetables
2021-01-23T16:35:03.920Z GET /vegetable
2021-01-23T16:35:03.973Z GET /style/app-style.css
2021-01-23T16:35:04.027Z GET /controller/functions.js
2021-01-23T16:35:04.061Z GET /controller/vegetable.js
2021-01-23T16:35:04.176Z GET /img/cabbage.png
2021-01-23T16:35:04.252Z GET /resource/user/1/vegetables
2021-01-23T16:35:04.273Z GET /resource/vegetables
2021-01-23T16:36:08.190Z GET /favicon.ico
2021-01-23T16:49:50.900Z GET /vegetable
2021-01-23T16:49:50.939Z GET /login
2021-01-23T16:49:50.996Z GET /style/app-style.css
2021-01-23T16:49:51.040Z GET /controller/functions.js
2021-01-23T16:49:51.076Z GET /controller/login.js
2021-01-23T16:49:51.131Z GET /favicon.ico
2021-01-23T16:49:51.147Z GET /login
2021-01-23T16:49:58.667Z POST /auth/login
2021-01-23T16:49:58.791Z GET /index
2021-01-23T16:49:58.849Z GET /style/app-style.css
2021-01-23T16:49:58.860Z GET /controller/functions.js
2021-01-23T16:49:58.936Z GET /controller/index.js
2021-01-23T16:49:59.174Z GET /favicon.ico
2021-01-23T16:50:00.006Z GET /vegetable
2021-01-23T16:50:00.057Z GET /style/app-style.css
2021-01-23T16:50:00.081Z GET /controller/functions.js
2021-01-23T16:50:00.135Z GET /controller/vegetable.js
2021-01-23T16:50:00.177Z GET /img/cabbage.png
2021-01-23T16:50:00.216Z GET /resource/user/1/vegetables
2021-01-23T16:50:00.233Z GET /resource/vegetables
2021-01-23T16:50:16.274Z GET /vegetable
2021-01-23T16:50:16.353Z GET /style/app-style.css
2021-01-23T16:50:16.421Z GET /controller/functions.js
2021-01-23T16:50:16.450Z GET /controller/vegetable.js
2021-01-23T16:50:16.530Z GET /img/cabbage.png
2021-01-23T16:50:16.597Z GET /resource/user/1/vegetables
2021-01-23T16:50:16.619Z GET /resource/vegetables
2021-01-23T16:51:29.732Z GET /favicon.ico
2021-01-23T16:51:56.154Z GET /vegetable
2021-01-23T16:51:56.226Z GET /style/app-style.css
2021-01-23T16:51:56.257Z GET /controller/functions.js
2021-01-23T16:51:56.332Z GET /controller/vegetable.js
2021-01-23T16:51:56.373Z GET /img/cabbage.png
2021-01-23T16:51:56.445Z GET /resource/user/1/vegetables
2021-01-23T16:51:56.512Z GET /resource/vegetables
2021-01-23T16:51:56.612Z GET /favicon.ico
2021-01-23T17:13:08.029Z PUT /resource/vegetable/1
2021-01-23T17:19:48.735Z GET /vegetable
2021-01-23T17:19:48.782Z GET /login
2021-01-23T17:19:48.842Z GET /style/app-style.css
2021-01-23T17:19:48.881Z GET /controller/functions.js
2021-01-23T17:19:48.928Z GET /controller/login.js
2021-01-23T17:19:48.965Z GET /favicon.ico
2021-01-23T17:19:48.975Z GET /login
2021-01-23T17:19:55.789Z POST /auth/login
2021-01-23T17:19:55.917Z GET /index
2021-01-23T17:19:55.968Z GET /style/app-style.css
2021-01-23T17:19:55.978Z GET /controller/functions.js
2021-01-23T17:19:56.006Z GET /controller/index.js
2021-01-23T17:19:56.282Z GET /favicon.ico
2021-01-23T17:19:56.823Z GET /vegetable
2021-01-23T17:19:56.880Z GET /style/app-style.css
2021-01-23T17:19:56.881Z GET /controller/functions.js
2021-01-23T17:19:56.898Z GET /controller/vegetable.js
2021-01-23T17:19:56.942Z GET /img/cabbage.png
2021-01-23T17:19:56.975Z GET /resource/user/1/vegetables
2021-01-23T17:19:56.978Z GET /resource/vegetables
2021-01-23T17:20:17.002Z GET /style/app-style.css
2021-01-23T17:20:21.364Z GET /vegetable
2021-01-23T17:20:21.438Z GET /style/app-style.css
2021-01-23T17:20:21.440Z GET /controller/functions.js
2021-01-23T17:20:21.496Z GET /controller/vegetable.js
2021-01-23T17:20:21.656Z GET /img/cabbage.png
2021-01-23T17:20:21.721Z GET /resource/user/1/vegetables
2021-01-23T17:20:21.723Z GET /resource/vegetables
2021-01-23T17:20:21.888Z GET /favicon.ico
2021-01-23T17:20:59.172Z GET /vegetable
2021-01-23T17:20:59.243Z GET /style/app-style.css
2021-01-23T17:20:59.293Z GET /controller/functions.js
2021-01-23T17:20:59.343Z GET /controller/vegetable.js
2021-01-23T17:20:59.374Z GET /img/cabbage.png
2021-01-23T17:20:59.470Z GET /resource/user/1/vegetables
2021-01-23T17:20:59.533Z GET /resource/vegetables
2021-01-23T17:20:59.566Z GET /favicon.ico
2021-01-23T17:21:09.191Z GET /vegetable
2021-01-23T17:21:09.307Z GET /style/app-style.css
2021-01-23T17:21:09.309Z GET /controller/functions.js
2021-01-23T17:21:09.343Z GET /controller/vegetable.js
2021-01-23T17:21:09.394Z GET /img/cabbage.png
2021-01-23T17:21:09.501Z GET /resource/user/1/vegetables
2021-01-23T17:21:09.503Z GET /resource/vegetables
2021-01-23T17:21:09.559Z GET /favicon.ico
2021-01-23T17:25:09.660Z GET /vegetable
2021-01-23T17:25:09.696Z GET /login
2021-01-23T17:25:09.761Z GET /style/app-style.css
2021-01-23T17:25:09.803Z GET /controller/functions.js
2021-01-23T17:25:09.849Z GET /controller/login.js
2021-01-23T17:25:09.903Z GET /favicon.ico
2021-01-23T17:25:09.916Z GET /login
2021-01-23T17:25:18.115Z POST /auth/login
2021-01-23T17:25:18.242Z GET /index
2021-01-23T17:25:18.329Z GET /style/app-style.css
2021-01-23T17:25:18.337Z GET /controller/functions.js
2021-01-23T17:25:18.416Z GET /controller/index.js
2021-01-23T17:25:18.523Z GET /favicon.ico
2021-01-23T17:25:19.924Z GET /vegetable
2021-01-23T17:25:19.976Z GET /style/app-style.css
2021-01-23T17:25:19.984Z GET /controller/functions.js
2021-01-23T17:25:20.038Z GET /controller/vegetable.js
2021-01-23T17:25:20.076Z GET /img/cabbage.png
2021-01-23T17:25:20.191Z GET /resource/user/1/vegetables
2021-01-23T17:25:20.206Z GET /resource/vegetables
2021-01-23T17:27:54.768Z GET /vegetable
2021-01-23T17:27:54.814Z GET /login
2021-01-23T17:27:54.876Z GET /style/app-style.css
2021-01-23T17:27:55.004Z GET /controller/functions.js
2021-01-23T17:27:55.186Z GET /controller/login.js
2021-01-23T17:27:55.284Z GET /favicon.ico
2021-01-23T17:27:55.343Z GET /login
2021-01-23T17:28:00.557Z POST /auth/login
2021-01-23T17:28:00.678Z GET /index
2021-01-23T17:28:00.746Z GET /style/app-style.css
2021-01-23T17:28:00.768Z GET /controller/functions.js
2021-01-23T17:28:00.848Z GET /controller/index.js
2021-01-23T17:28:00.928Z GET /favicon.ico
2021-01-23T17:28:01.714Z GET /vegetable
2021-01-23T17:28:01.807Z GET /style/app-style.css
2021-01-23T17:28:01.810Z GET /controller/functions.js
2021-01-23T17:28:01.842Z GET /controller/vegetable.js
2021-01-23T17:28:01.889Z GET /img/cabbage.png
2021-01-23T17:28:01.991Z GET /resource/user/1/vegetables
2021-01-23T17:28:01.994Z GET /resource/vegetables
2021-01-23T17:28:16.231Z GET /
2021-01-23T17:28:16.238Z GET /index
2021-01-23T17:28:16.330Z GET /style/app-style.css
2021-01-23T17:28:16.441Z GET /controller/functions.js
2021-01-23T17:28:16.480Z GET /controller/index.js
2021-01-23T17:28:19.416Z GET /img/lamborghini.png
2021-01-23T17:28:24.311Z GET /service
2021-01-23T17:28:24.429Z GET /style/app-style.css
2021-01-23T17:28:24.434Z GET /controller/functions.js
2021-01-23T17:28:24.525Z GET /controller/service.js
2021-01-23T17:28:24.555Z GET /img/lamborghini.png
2021-01-23T17:28:24.710Z GET /resource/user/1/services
2021-01-23T17:28:24.731Z GET /resource/services
2021-01-23T17:28:27.996Z GET /vegetable
2021-01-23T17:28:28.052Z GET /style/app-style.css
2021-01-23T17:28:28.057Z GET /controller/functions.js
2021-01-23T17:28:28.120Z GET /controller/vegetable.js
2021-01-23T17:28:28.183Z GET /img/cabbage.png
2021-01-23T17:28:28.365Z GET /resource/user/1/vegetables
2021-01-23T17:28:28.378Z GET /resource/vegetables
2021-01-23T17:28:30.900Z GET /profile
2021-01-23T17:28:31.017Z GET /controller/profile.js
2021-01-23T17:28:31.054Z GET /style/app-style.css
2021-01-23T17:28:31.055Z GET /controller/functions.js
2021-01-23T17:28:31.192Z GET /resource/user/1/vegetables
2021-01-23T17:28:31.225Z GET /resource/user/1/services
2021-01-23T17:28:32.384Z GET /
2021-01-23T17:28:32.392Z GET /index
2021-01-23T17:28:32.476Z GET /style/app-style.css
2021-01-23T17:28:32.478Z GET /controller/functions.js
2021-01-23T17:28:32.524Z GET /controller/index.js
2021-01-23T17:28:35.796Z GET /profile
2021-01-23T17:28:35.859Z GET /style/app-style.css
2021-01-23T17:28:35.867Z GET /controller/functions.js
2021-01-23T17:28:35.941Z GET /controller/profile.js
2021-01-23T17:28:36.057Z GET /resource/user/1/vegetables
2021-01-23T17:28:36.078Z GET /resource/user/1/services
2021-01-23T17:28:42.234Z GET /vegetable
2021-01-23T17:28:42.326Z GET /style/app-style.css
2021-01-23T17:28:42.366Z GET /controller/functions.js
2021-01-23T17:28:42.431Z GET /controller/vegetable.js
2021-01-23T17:28:42.492Z GET /img/cabbage.png
2021-01-23T17:28:42.554Z GET /resource/user/1/vegetables
2021-01-23T17:28:42.556Z GET /resource/vegetables
2021-01-23T17:32:28.739Z GET /
2021-01-23T17:32:28.792Z GET /index
2021-01-23T17:32:28.804Z GET /login
2021-01-23T17:32:28.874Z GET /style/app-style.css
2021-01-23T17:32:28.920Z GET /controller/functions.js
2021-01-23T17:32:28.975Z GET /controller/login.js
2021-01-23T17:32:29.087Z GET /favicon.ico
2021-01-23T17:32:29.100Z GET /login
2021-01-23T17:32:37.863Z GET /vegetable
2021-01-23T17:32:37.870Z GET /login
2021-01-23T17:32:37.942Z GET /style/app-style.css
2021-01-23T17:32:37.986Z GET /controller/functions.js
2021-01-23T17:32:38.027Z GET /controller/login.js
2021-01-23T17:32:38.109Z GET /favicon.ico
2021-01-23T17:32:38.124Z GET /login
2021-01-23T17:32:50.710Z GET /
2021-01-23T17:32:50.718Z GET /index
2021-01-23T17:32:50.725Z GET /login
2021-01-23T17:32:50.789Z GET /style/app-style.css
2021-01-23T17:32:50.850Z GET /controller/functions.js
2021-01-23T17:32:50.870Z GET /controller/login.js
2021-01-23T17:32:50.977Z GET /favicon.ico
2021-01-23T17:32:50.987Z GET /login
2021-01-23T17:32:53.371Z POST /auth/login
2021-01-23T17:32:53.508Z GET /index
2021-01-23T17:32:53.591Z GET /style/app-style.css
2021-01-23T17:32:53.594Z GET /controller/functions.js
2021-01-23T17:32:53.686Z GET /controller/index.js
2021-01-23T17:32:53.886Z GET /favicon.ico
2021-01-23T17:32:54.956Z GET /vegetable
2021-01-23T17:32:55.038Z GET /style/app-style.css
2021-01-23T17:32:55.039Z GET /controller/functions.js
2021-01-23T17:32:55.078Z GET /controller/vegetable.js
2021-01-23T17:32:55.176Z GET /img/cabbage.png
2021-01-23T17:32:55.337Z GET /resource/user/1/vegetables
2021-01-23T17:32:55.344Z GET /resource/vegetables
2021-01-23T17:49:10.541Z GET /vegetable
2021-01-23T17:49:10.580Z GET /login
2021-01-23T17:49:10.647Z GET /style/app-style.css
2021-01-23T17:49:10.675Z GET /controller/functions.js
2021-01-23T17:49:10.704Z GET /controller/login.js
2021-01-23T17:49:10.752Z GET /favicon.ico
2021-01-23T17:49:10.759Z GET /login
2021-01-23T17:49:16.279Z POST /auth/login
2021-01-23T17:49:16.404Z GET /index
2021-01-23T17:49:16.450Z GET /style/app-style.css
2021-01-23T17:49:16.453Z GET /controller/functions.js
2021-01-23T17:49:16.488Z GET /controller/index.js
2021-01-23T17:49:17.038Z GET /favicon.ico
2021-01-23T17:49:17.303Z GET /vegetable
2021-01-23T17:49:17.355Z GET /style/app-style.css
2021-01-23T17:49:17.357Z GET /controller/functions.js
2021-01-23T17:49:17.374Z GET /controller/vegetable.js
2021-01-23T17:49:17.424Z GET /img/cabbage.png
2021-01-23T17:49:17.468Z GET /resource/user/1/vegetables
2021-01-23T17:49:17.470Z GET /resource/vegetables
2021-01-23T17:49:19.985Z GET /service
2021-01-23T17:49:20.034Z GET /style/app-style.css
2021-01-23T17:49:20.035Z GET /controller/functions.js
2021-01-23T17:49:20.051Z GET /controller/service.js
2021-01-23T17:49:20.091Z GET /img/lamborghini.png
2021-01-23T17:49:20.146Z GET /resource/user/1/services
2021-01-23T17:49:20.148Z GET /resource/services
2021-01-23T17:49:22.105Z GET /opg
2021-01-23T17:49:22.170Z GET /style/app-style.css
2021-01-23T17:49:22.172Z GET /controller/functions.js
2021-01-23T17:49:22.190Z GET /controller/opg.js
2021-01-23T17:49:22.240Z GET /resource/users
2021-01-23T17:49:24.437Z GET /profile
2021-01-23T17:49:24.481Z GET /style/app-style.css
2021-01-23T17:49:24.482Z GET /controller/functions.js
2021-01-23T17:49:24.503Z GET /controller/profile.js
2021-01-23T17:49:24.579Z GET /resource/user/1/vegetables
2021-01-23T17:49:24.581Z GET /resource/user/1/services
2021-01-23T17:49:27.238Z GET /opg
2021-01-23T17:49:27.289Z GET /style/app-style.css
2021-01-23T17:49:27.291Z GET /controller/functions.js
2021-01-23T17:49:27.308Z GET /controller/opg.js
2021-01-23T17:49:27.353Z GET /resource/users
2021-01-23T17:49:32.716Z GET /service
2021-01-23T17:49:32.773Z GET /style/app-style.css
2021-01-23T17:49:32.785Z GET /controller/functions.js
2021-01-23T17:49:32.818Z GET /controller/service.js
2021-01-23T17:49:32.857Z GET /img/lamborghini.png
2021-01-23T17:49:32.906Z GET /resource/user/1/services
2021-01-23T17:49:32.951Z GET /resource/services
2021-01-23T17:49:41.956Z PUT /resource/service/4
2021-01-23T17:49:47.488Z GET /vegetable
2021-01-23T17:49:47.535Z GET /style/app-style.css
2021-01-23T17:49:47.537Z GET /controller/functions.js
2021-01-23T17:49:47.553Z GET /controller/vegetable.js
2021-01-23T17:49:47.595Z GET /img/cabbage.png
2021-01-23T17:49:47.650Z GET /resource/user/1/vegetables
2021-01-23T17:49:47.652Z GET /resource/vegetables
2021-01-23T17:51:56.469Z GET /profile
2021-01-23T17:51:56.531Z GET /style/app-style.css
2021-01-23T17:51:56.546Z GET /controller/functions.js
2021-01-23T17:51:56.560Z GET /controller/profile.js
2021-01-23T17:51:56.635Z GET /resource/user/1/vegetables
2021-01-23T17:51:56.681Z GET /resource/user/1/services
2021-01-23T17:51:59.209Z GET /auth/logout
2021-01-23T17:51:59.217Z GET /login
2021-01-23T17:51:59.256Z GET /style/app-style.css
2021-01-23T17:51:59.257Z GET /controller/functions.js
2021-01-23T17:51:59.272Z GET /controller/login.js
2021-01-23T17:57:03.572Z POST /api/login
2021-01-23T17:57:03.586Z POST /api/login
2021-01-23T17:57:03.590Z POST /api/login
2021-01-23T17:57:03.591Z POST /api/login
2021-01-23T17:57:03.592Z POST /api/register
2021-01-23T17:57:03.594Z POST /api/register
2021-01-23T17:57:03.658Z POST /api/logout
2021-01-23T17:57:03.660Z GET /api/users
2021-01-23T17:57:03.661Z GET /api/users
2021-01-23T17:57:03.662Z POST /api/login
2021-01-23T17:57:03.663Z POST /api/login
2021-01-23T17:57:03.664Z POST /api/login
2021-01-23T17:57:03.731Z POST /api/logout
2021-01-23T17:57:04.041Z GET /api/users
2021-01-23T17:57:04.042Z GET /api/user/1/vegetables
2021-01-23T17:57:04.043Z GET /api/user/1/services
2021-01-23T17:57:04.045Z POST /api/logout
2021-01-23T17:57:04.144Z GET /api/vegetables
2021-01-23T17:57:04.145Z POST /api/vegetable
2021-01-23T17:57:04.146Z GET /api/vegetable/2
2021-01-23T17:57:04.147Z GET /api/vegetable/-1
2021-01-23T17:57:04.148Z PUT /api/vegetable/2
2021-01-23T17:57:04.149Z PUT /api/vegetable/2
2021-01-23T17:57:04.149Z PUT /api/vegetable/-1
2021-01-23T17:57:04.150Z DELETE /api/vegetable/2
2021-01-23T17:57:04.154Z DELETE /api/vegetable/-1
2021-01-23T17:57:04.154Z POST /api/logout
2021-01-23T17:57:04.246Z GET /api/services
2021-01-23T17:57:04.247Z POST /api/service
2021-01-23T17:57:04.248Z GET /api/service/2
2021-01-23T17:57:04.249Z GET /api/service/-1
2021-01-23T17:57:04.250Z PUT /api/service/2
2021-01-23T17:57:04.251Z PUT /api/service/2
2021-01-23T17:57:04.251Z PUT /api/service/-1
2021-01-23T17:57:04.252Z DELETE /api/service/2
2021-01-23T17:57:04.253Z DELETE /api/service/-1
2021-01-23T17:57:04.253Z POST /api/logout
2021-01-23T17:58:19.839Z POST /api/login
2021-01-23T17:58:19.840Z POST /api/login
2021-01-23T17:58:19.842Z POST /api/login
2021-01-23T17:58:19.843Z POST /api/login
2021-01-23T17:58:19.844Z POST /api/register
2021-01-23T17:58:19.844Z POST /api/register
2021-01-23T17:58:19.904Z POST /api/logout
2021-01-23T17:58:19.905Z GET /api/users
2021-01-23T17:58:19.906Z GET /api/users
2021-01-23T17:58:19.909Z POST /api/login
2021-01-23T17:58:19.910Z POST /api/login
2021-01-23T17:58:19.911Z POST /api/login
2021-01-23T17:58:19.977Z POST /api/logout
2021-01-23T17:58:20.271Z GET /api/users
2021-01-23T17:58:20.272Z GET /api/user/1/vegetables
2021-01-23T17:58:20.273Z GET /api/user/1/services
2021-01-23T17:58:20.273Z POST /api/logout
2021-01-23T17:58:20.378Z GET /api/vegetables
2021-01-23T17:58:20.379Z POST /api/vegetable
2021-01-23T17:58:20.381Z GET /api/vegetable/2
2021-01-23T17:58:20.381Z GET /api/vegetable/-1
2021-01-23T17:58:20.382Z PUT /api/vegetable/2
2021-01-23T17:58:20.383Z PUT /api/vegetable/2
2021-01-23T17:58:20.384Z PUT /api/vegetable/-1
2021-01-23T17:58:20.384Z DELETE /api/vegetable/2
2021-01-23T17:58:20.386Z DELETE /api/vegetable/-1
2021-01-23T17:58:20.387Z POST /api/logout
2021-01-23T17:58:20.475Z GET /api/services
2021-01-23T17:58:20.476Z POST /api/service
2021-01-23T17:58:20.477Z GET /api/service/2
2021-01-23T17:58:20.478Z GET /api/service/-1
2021-01-23T17:58:20.478Z PUT /api/service/2
2021-01-23T17:58:20.479Z PUT /api/service/2
2021-01-23T17:58:20.480Z PUT /api/service/-1
2021-01-23T17:58:20.480Z DELETE /api/service/2
2021-01-23T17:58:20.481Z DELETE /api/service/-1
2021-01-23T17:58:20.482Z POST /api/logout
2021-01-23T17:58:41.805Z POST /api/login
2021-01-23T17:58:41.807Z POST /api/login
2021-01-23T17:58:41.808Z POST /api/login
2021-01-23T17:58:41.809Z POST /api/login
2021-01-23T17:58:41.810Z POST /api/register
2021-01-23T17:58:41.812Z POST /api/register
2021-01-23T17:58:41.871Z POST /api/logout
2021-01-23T17:58:41.872Z GET /api/users
2021-01-23T17:58:41.873Z GET /api/users
2021-01-23T17:58:41.874Z POST /api/login
2021-01-23T17:58:41.875Z POST /api/login
2021-01-23T17:58:41.875Z POST /api/login
2021-01-23T17:58:41.939Z POST /api/logout
2021-01-23T17:58:42.253Z GET /api/users
2021-01-23T17:58:42.254Z GET /api/user/1/vegetables
2021-01-23T17:58:42.255Z GET /api/user/1/services
2021-01-23T17:58:42.255Z POST /api/logout
2021-01-23T17:58:42.366Z GET /api/vegetables
2021-01-23T17:58:42.366Z POST /api/vegetable
2021-01-23T17:58:42.368Z GET /api/vegetable/2
2021-01-23T17:58:42.368Z GET /api/vegetable/-1
2021-01-23T17:58:42.369Z PUT /api/vegetable/2
2021-01-23T17:58:42.370Z PUT /api/vegetable/2
2021-01-23T17:58:42.370Z PUT /api/vegetable/-1
2021-01-23T17:58:42.371Z DELETE /api/vegetable/2
2021-01-23T17:58:42.371Z DELETE /api/vegetable/-1
2021-01-23T17:58:42.372Z POST /api/logout
2021-01-23T17:58:42.461Z GET /api/services
2021-01-23T17:58:42.462Z POST /api/service
2021-01-23T17:58:42.464Z GET /api/service/2
2021-01-23T17:58:42.464Z GET /api/service/-1
2021-01-23T17:58:42.465Z PUT /api/service/2
2021-01-23T17:58:42.466Z PUT /api/service/2
2021-01-23T17:58:42.467Z PUT /api/service/-1
2021-01-23T17:58:42.467Z DELETE /api/service/2
2021-01-23T17:58:42.469Z DELETE /api/service/-1
2021-01-23T17:58:42.469Z POST /api/logout
2021-01-23T17:58:57.204Z POST /api/login
2021-01-23T17:58:57.206Z POST /api/login
2021-01-23T17:58:57.208Z POST /api/login
2021-01-23T17:58:57.209Z POST /api/login
2021-01-23T17:58:57.211Z POST /api/register
2021-01-23T17:58:57.212Z POST /api/register
2021-01-23T17:58:57.271Z POST /api/logout
2021-01-23T17:58:57.273Z GET /api/users
2021-01-23T17:58:57.275Z GET /api/users
2021-01-23T17:58:57.276Z POST /api/login
2021-01-23T17:58:57.277Z POST /api/login
2021-01-23T17:58:57.277Z POST /api/login
2021-01-23T17:58:57.347Z POST /api/logout
2021-01-23T17:58:57.653Z GET /api/users
2021-01-23T17:58:57.654Z GET /api/user/1/vegetables
2021-01-23T17:58:57.655Z GET /api/user/1/services
2021-01-23T17:58:57.655Z POST /api/logout
2021-01-23T17:58:57.768Z GET /api/vegetables
2021-01-23T17:58:57.769Z POST /api/vegetable
2021-01-23T17:58:57.770Z GET /api/vegetable/2
2021-01-23T17:58:57.771Z GET /api/vegetable/-1
2021-01-23T17:58:57.772Z PUT /api/vegetable/2
2021-01-23T17:58:57.773Z PUT /api/vegetable/2
2021-01-23T17:58:57.774Z PUT /api/vegetable/-1
2021-01-23T17:58:57.774Z DELETE /api/vegetable/2
2021-01-23T17:58:57.775Z DELETE /api/vegetable/-1
2021-01-23T17:58:57.776Z POST /api/logout
2021-01-23T17:58:57.862Z GET /api/services
2021-01-23T17:58:57.863Z POST /api/service
2021-01-23T17:58:57.864Z GET /api/service/2
2021-01-23T17:58:57.865Z GET /api/service/-1
2021-01-23T17:58:57.866Z PUT /api/service/2
2021-01-23T17:58:57.867Z PUT /api/service/2
2021-01-23T17:58:57.868Z PUT /api/service/-1
2021-01-23T17:58:57.868Z DELETE /api/service/2
2021-01-23T17:58:57.869Z DELETE /api/service/-1
2021-01-23T17:58:57.869Z POST /api/logout
2021-01-23T18:24:06.419Z GET /
2021-01-23T18:24:06.453Z GET /index
2021-01-23T18:24:06.461Z GET /login
2021-01-23T18:24:06.537Z GET /style/app-style.css
2021-01-23T18:24:06.552Z GET /controller/functions.js
2021-01-23T18:24:06.581Z GET /controller/login.js
2021-01-23T18:24:14.082Z POST /auth/login
2021-01-23T18:24:14.204Z GET /index
2021-01-23T18:24:14.255Z GET /style/app-style.css
2021-01-23T18:24:14.263Z GET /controller/functions.js
2021-01-23T18:24:14.291Z GET /controller/index.js
2021-01-23T18:24:15.755Z GET /vegetable
2021-01-23T18:24:15.802Z GET /style/app-style.css
2021-01-23T18:24:15.804Z GET /controller/functions.js
2021-01-23T18:24:15.824Z GET /controller/vegetable.js
2021-01-23T18:24:15.864Z GET /img/cabbage.png
2021-01-23T18:24:15.929Z GET /resource/user/1/vegetables
2021-01-23T18:24:15.932Z GET /resource/vegetables
2021-01-23T18:24:17.184Z GET /service
2021-01-23T18:24:17.228Z GET /style/app-style.css
2021-01-23T18:24:17.230Z GET /controller/functions.js
2021-01-23T18:24:17.246Z GET /controller/service.js
2021-01-23T18:24:17.275Z GET /img/lamborghini.png
2021-01-23T18:24:17.331Z GET /resource/user/1/services
2021-01-23T18:24:17.334Z GET /resource/services
2021-01-23T18:24:18.502Z GET /opg
2021-01-23T18:24:18.544Z GET /style/app-style.css
2021-01-23T18:24:18.547Z GET /controller/functions.js
2021-01-23T18:24:18.565Z GET /controller/opg.js
2021-01-23T18:24:18.610Z GET /resource/users
2021-01-23T18:24:19.682Z GET /profile
2021-01-23T18:24:19.732Z GET /style/app-style.css
2021-01-23T18:24:19.734Z GET /controller/functions.js
2021-01-23T18:24:19.747Z GET /controller/profile.js
2021-01-23T18:24:19.814Z GET /resource/user/1/vegetables
2021-01-23T18:24:19.817Z GET /resource/user/1/services
2021-01-23T18:24:21.532Z GET /vegetable
2021-01-23T18:24:21.583Z GET /style/app-style.css
2021-01-23T18:24:21.585Z GET /controller/functions.js
2021-01-23T18:24:21.606Z GET /controller/vegetable.js
2021-01-23T18:24:21.638Z GET /img/cabbage.png
2021-01-23T18:24:21.693Z GET /resource/user/1/vegetables
2021-01-23T18:24:21.695Z GET /resource/vegetables
2021-01-23T18:24:28.198Z PUT /resource/vegetable/15
2021-01-23T18:24:28.300Z GET /resource/user/1/vegetables
2021-01-23T18:24:28.347Z GET /resource/vegetables
2021-01-23T18:24:44.805Z PUT /resource/vegetable/15
2021-01-23T18:24:44.901Z GET /resource/user/1/vegetables
2021-01-23T18:24:44.904Z GET /resource/vegetables
2021-01-23T18:24:52.000Z PUT /resource/vegetable/15
2021-01-23T18:24:52.100Z GET /resource/user/1/vegetables
2021-01-23T18:24:52.147Z GET /resource/vegetables
2021-01-23T18:24:55.102Z GET /style/app-style.css
2021-01-23T18:26:40.836Z GET /vegetable
2021-01-23T18:26:40.920Z GET /style/app-style.css
2021-01-23T18:26:40.978Z GET /controller/functions.js
2021-01-23T18:26:41.018Z GET /controller/vegetable.js
2021-01-23T18:26:41.128Z GET /img/cabbage.png
2021-01-23T18:26:41.253Z GET /resource/user/1/vegetables
2021-01-23T18:26:41.257Z GET /resource/vegetables
2021-01-23T18:26:41.460Z GET /favicon.ico
2021-01-23T18:32:04.715Z PUT /resource/vegetable/15
2021-01-23T18:32:04.850Z GET /resource/user/1/vegetables
2021-01-23T18:32:04.897Z GET /resource/vegetables
2021-01-23T18:32:10.635Z GET /style/app-style.css
2021-01-23T18:38:32.854Z GET /vegetable
2021-01-23T18:38:32.897Z GET /login
2021-01-23T18:38:32.953Z GET /style/app-style.css
2021-01-23T18:38:32.982Z GET /controller/functions.js
2021-01-23T18:38:32.999Z GET /controller/login.js
2021-01-23T18:38:33.068Z GET /favicon.ico
2021-01-23T18:38:33.084Z GET /login
2021-01-23T18:38:43.207Z POST /auth/login
2021-01-23T18:38:43.366Z GET /index
2021-01-23T18:38:43.431Z GET /style/app-style.css
2021-01-23T18:38:43.436Z GET /controller/functions.js
2021-01-23T18:38:43.500Z GET /controller/index.js
2021-01-23T18:38:43.559Z GET /favicon.ico
2021-01-23T18:38:44.458Z GET /vegetable
2021-01-23T18:38:44.510Z GET /style/app-style.css
2021-01-23T18:38:44.511Z GET /controller/functions.js
2021-01-23T18:38:44.528Z GET /controller/vegetable.js
2021-01-23T18:38:44.569Z GET /img/cabbage.png
2021-01-23T18:38:44.631Z GET /resource/user/1/vegetables
2021-01-23T18:38:44.634Z GET /resource/vegetables
2021-01-23T18:38:49.671Z PUT /resource/vegetable/15
2021-01-23T18:38:49.765Z GET /resource/user/1/vegetables
2021-01-23T18:38:49.813Z GET /resource/vegetables
2021-01-23T18:38:57.894Z PUT /resource/vegetable/15
2021-01-23T18:38:57.989Z GET /resource/user/1/vegetables
2021-01-23T18:38:58.037Z GET /resource/vegetables
2021-01-23T18:39:05.566Z PUT /resource/vegetable/15
2021-01-23T18:39:05.656Z GET /resource/user/1/vegetables
2021-01-23T18:39:05.706Z GET /resource/vegetables
2021-01-23T18:39:11.381Z GET /service
2021-01-23T18:39:11.459Z GET /style/app-style.css
2021-01-23T18:39:11.494Z GET /controller/functions.js
2021-01-23T18:39:11.526Z GET /controller/service.js
2021-01-23T18:39:11.542Z GET /img/lamborghini.png
2021-01-23T18:39:11.585Z GET /resource/user/1/services
2021-01-23T18:39:11.639Z GET /resource/services
